<?xml version="1.0" encoding="UTF-8"?>
<!-- Generated by org.testng.reporters.JUnitReportReporter -->
<testsuite hostname="DESKTOP-GRUJ0M8" failures="0" tests="1" name="tests.DemoBlazeInvalidLoginTestUsingPageObjectModel" time="10.729" errors="0" timestamp="2025-05-24T08:45:57 IST" skipped="0">
  <testcase classname="tests.DemoBlazeInvalidLoginTestUsingPageObjectModel" name="demoBlazeLoginTest" time="10.729">
    <system-out>
      <![CDATA[Clicking on the locator:=By.id: login2
Setting the text:=bharathedu1 in the locator:=By.id: loginusername
Setting the text:=123456904 in the locator:=By.id: loginpassword
Clicking on the locator:=By.xpath: //button[text()='Log in']
Getting the text from Alert popup
Alert message is:=Wrong password.
Accepting the alert]]>
    </system-out>
  </testcase> <!-- demoBlazeLoginTest -->
  <system-out>
    <![CDATA[Clicking on the locator:=By.id: login2
Setting the text:=bharathedu1 in the locator:=By.id: loginusername
Setting the text:=123456904 in the locator:=By.id: loginpassword
Clicking on the locator:=By.xpath: //button[text()='Log in']
Getting the text from Alert popup
Alert message is:=Wrong password.
Accepting the alert]]>
  </system-out>
</testsuite> <!-- tests.DemoBlazeInvalidLoginTestUsingPageObjectModel -->
